AudioEqualization.h
AudioMix.h
AudioSummation.h
BlackNoise.h
BlueNoise.h
BluesteinFFT.h
ConvolutionReverb.h
CooleyTukeyFFT.h
FractalNoise.h
GreyNoise.h
includes.generated.h
KarplusStrongDelayLineSynthesis.h
Midi.generated.h
Midi.h
nlp.generated.h
nlp.h
nlp.ipa.dictionary.h
PinkNoise.h
PlateReverb.h
PurpleNoise.h
Radix2FFT.h
sfx_ACOUSTIC.h
sfx_AIRPORT.h
sfx_BANK.h
sfx_BIOLOGICAL.h
sfx_BLANK.h
sfx_CAMERA.h
sfx_CARTOON.h
sfx_CHARGING.h
sfx_CONSTRUCTION.h
sfx_CROWD.h
sfx_DESTRUCTION.h
sfx_error.h
sfx_EXPLOSION.h
sfx_FIRE.h
sfx_FLUID.h
sfx_FOREST.h
sfx_GUN.h
sfx_HILLS.h
sfx_HOSPITAL.h
sfx_INDIE.h
sfx_JUNGLE.h
sfx_LAW.h
sfx_LAWNCARE.h
sfx_METALLIC.h
sfx_MOUNTAINS.h
sfx_MOVIE.h
sfx_NATURE.h
sfx_OFFICE.h
sfx_ORCHESTRAL.h
sfx_ORGANIC.h
sfx_PAPER.h
sfx_PLASTICS.h
sfx_POLAR.h
sfx_ROAD.h
sfx_SAVANNAH.h
sfx_SCI.h
sfx_SIREN.h
sfx_SPACE.h
sfx_STATIC.h
sfx_SWAMP.h
sfx_TAIGA.h
sfx_TRAFFIC.h
sfx_TRAILER.h
sfx_TUNDRA.h
sfx_VEHICLE.h
sfx_WAR.h
sfx_WEATHER.h
sfx_WOOD.h
sfx_WOODLANDS.h
SimplexNoise.h
SpringReverb.h
TheAudio__TheAudioSfxPlugin.h
TheAudio__TheAudioSfxPluginCommands.h
TheAudio__TheAudioSfxPluginStyle.h
TimeStretch.h
Tones.Default.Settings.h
Tones.h
UE5.DeclarativeSyntaxSupport.h
UE5.EnumClass.h
WaveEquation.h
WhiteNoise.h
WhitePerlinNoise.h
