[
    
    "b", 
    "d", 
    "f", 
    "g", 
    "h", 
    "j", 
    "k", 
    "l", 
    "m", 
    "n", 
    "p", 
    "r", 
    "s", 
    "s3", 
    "sh", 
    "t", 
    "ch", 
    "th", 
    "th2", 
    "v", 
    "w", 
    "hw", 
    "y", 
    "z", 
    "z2", 

    
    "a", 
    "a2", 
    "a3", 
    "e", 
    "e2", 
    "i", 
    "i2", 
    "i3", 
    "o", 
    "o2", 
    "o3", 
    "u", 
    "u2", 
    
    
    "a2", 
    "b2", 
    "c2", 
    "d2", 
    "e2", 
    "f2", 
    "g2", 
    "h2", 
    "i2", 
    "j2", 
    "k2", 
    "l2", 
    "m2", 
    "n2", 
    "o2", 
    "p2", 
    "q2", 
    "r2", 
    "s2", 
    "t2", 
    "u2", 
    "v2", 
    "w2", 
    "x2", 
    "y2", 
    "z2", 


    "0", 
    "1", 
    "2", 
    "3", 
    "4", 
    "5", 
    "6", 
    "7", 
    "8", 
    "9", 
    "00", 
    "000", 
    "000_000", 
    "000_000_000", 
    "000_000_000_000", 
    
    
    "_st", 
    "_nd", 
    "_rd", 
    "_th"

]