pak
pakchoi
paki
pakistan
pakistani
pal
palace
paladin
palaeencephalon
palaemon
palaemonidae
palaeoanthropology
palaeobiology
palaeobotany
palaeoclimatology
palaeodendrology
palaeoecology
palaeoethnography
palaeogeography
palaeogeology
palaeolithic
palaeology
palaeontological
palaeontologist
palaeontology
palaeopathology
palaeornithology
palaeozoology
palaestinum
palaestra
palaetiology
palaic
palankeen
palanquin
palaquium
palas
palatability
palatable
palatableness
palatably
palatal
palatalise
palatalised
palatalize
palatalized
palate
palatial
palatina
palatinate
palatine
palatinum
palatoglossal
palatopharyngoplasty
palau
palaver
pale
paleacrita
paleencephalon
palely
paleness
paleo
paleoanthropological
paleoanthropology
paleobiology
paleobotany
paleocene
paleocerebellum
paleoclimatology
paleocortex
paleocortical
paleodendrology
paleoecology
paleoencephalon
paleoethnography
paleogeography
paleogeology
paleographer
paleographist
paleography
paleolith
paleolithic
paleology
paleomammalogy
paleontological
paleontologist
paleontology
paleopathology
paleornithology
paleostriatum
paleozoic
paleozoology
palermo
palestine
palestinian
palestra
palestrina
palimony
palimpsest
palin
paling
palingenesis
palingenetic
palinode
palinuridae
palinurus
palisade
palish
paliurus
pall
palladian
palladio
palladium
palladum
pallas
pallasii
pallasite
pallass
pallbearer
pallet
pallette
palliasse
palliate
palliation
palliative
pallid
pallida
pallor
pallorability
pallorable
pallorably
pallorate
palloration
pallpatory
pallsgrave
pallsied
pally
palm
palma
palmaceae
palmae
palmales
palmar
palmata
palmate
palmately
palmatifid
palmatum
palmature
palmella
palmensis
palmer
palmeri
palmetto
palmist
palmister
palmistry
palmitic
palmitin
palmlike
palms
palmy
palmyra
palo
palometa
palomino
palooka
paloverde
palpebra
palpebrales
palpebrarum
palpebrate
palpebration
palpebratus
palpitant
palpitate
palpitating
palter
paltry
palumbus
pam_phle_teer
pam_phlet
pamby
pamelor
pamper
pan
pande_r
panderer
pane
panel
pang
pang_a
pangs
pant
pantotheria
pao
pap
paper
papilionacea
papilionaceae
papilionoideae
papilla
papillary
papillate
papilledema
papilliform
papilloma
papillon
papillose
papio
papism
papist
papistic
papistical
papoose
papooseroot
papovavirus
pappa
pappataci
pappoose
pappose
pappus
paprika
paprikash
paprilus
papua
papuan
papule
papulovesicle
papyraceus
papyrifera
papyrus
para
parable
parabola
parabolic
parabolical
paraboloid
paraboloidal
paracelsus
paracentesis
paracentral
paracheirodon
parachute
parachuter
parachuting
parachutist
paraclete
paracosm
parade
parader
paradiddle
paradigm
paradigmatic
paradisaeidae
paradisaic
paradisaical
paradisal
paradise
paradisea
paradisi
paradisiac
paradisiaca
paradisiacal
paradox
paradoxical
paradoxically
paradoxum
paradoxurus
paradoxus
paraduodenal
paraesthesia
paraffin
parafovea
paragliding
paragon
paragonite
paragraph
paragrapher
paraguariensis
paraguay
paraguayan
parainfluenza
parakeet
paralanguage
paraldehyde
paralegal
paraleipsis
paralepsis
paralichthys
paralinguistic
paralipomenon
paralipsis
paralithodes
parallax
parallel
parallela
parallelepiped
parallelepipedon
parallelism
parallelize
parallelogram
parallelopiped
parallelopipedon
paralogism
paralyse
paralysis
paralytic
paralytical
paralytically
paralyticus
parasitism
parasol
parasympathetic
parasympathomimetic
parathelypteris
parathion
parathormone
parathyroid
paratrooper
paratroops
paratyphoid
paraumbilical
paraumbilicalis
parazoa
parazoan
parbat
parboil
parcae
parcel
parceled
parceling
parcellation
parcelling
parch
parched
parcheesi
parchesi
parchisi
pare
parer
pareve
park
parked
parks
parodist
parody
paroicous
parol
parole
parolee
paronomasia
paronychia
paronym
parophrys
paroquet
parosamia
parotid
parotitis
parous
parousia
paroxetime
paroxysm
paroxysmal
paroxytone
parquet
parqueterie
parquetry
parr
parra
parrakeet
parricide
parrish
parroket
parroquet
parrot
parrotfish
parrotia
parrotiopsis
parrotlike
parrots
parry
parryana
parryi
parrys
pars
parse
parsec
parsee
parseeism
parser
parsi
parsiism
parsimonious
parsimoniousness
parsimony
parsley
parsnip
parson
parsonage
parsons
part
partake
partaker
parted
parterre
parthenium
parthenocarpy
parthenocissus
parthenogenesis
parthenogenetic
parthenogeny
parthenon
parthenote
parthia
parthian
parti
partial
partiality
partially
partialness
partible
participial
parts
parulidae
paseo
paspalum
pasquinade

passamaquody
passant
passbook
passe
passed
passionateness
passionflower
passionless
passive
passively
passiveness
passivism
passivity
passkey
passos
passover
passport
passu
password
past
pasta
paste
pasteboard
pasted
pastel
pastelike
paster
pastern
pasternak
pasteruization
pasteruize
pasteruized
pasteur
pasteurellosis
pasteurisation
pasteurise
pasteurised
pastiche
pastil
pastille
pastime
pastinaca
pastis
pastness
pasto
pastor
pastoral
pastorale
pastorate
pastoris
pastorship
pastrami
pastry
pastuerian
pasturage
pasture
pastureland
pasty
pataca
patagonia
patagonian
patagonica
patagonum
patas
patavium
patchcord
patched
sam
sam_ba
sam_bac
sam_bar
sam_bre
sam_bu_ca
sam_bu_cus
sam_bur
same
sanitization
sanitize
sanitized
sanity
sannup
sannyasi
sannyasin
sans
sansevieria
sanskrit
sanskritic
sanson
santa
santalaceae
santalales
santalinus
santalum
santee
santi
santiago
santims
santo
santolina
santos
sanvitalia
sanwa
sanyasi
sanzio
sao
saone
sap
sapele
saphar
saphead
saphena
saphenous
saphenus
sapid
sapida
sapidissima
sapidity
sapidness
sapidus
sapience
sapiens
sapient
sapiential
sapiently
sapientum
sapindaceae
sapindales
sapindus
sapir
sapless
sapling
sapodilla
saponaceous
saponaria
saponification
saponified
saponify
saponin
saporous
sapota
sapotaceae
sapote
sapper
sapphic
sapphire
sapphirine
sapphism
sappho
sapporo
sappy
sapraemia
sapremia
saprobe
saprobic
saprolegnia
saprolegniales
saprolite
sapropel
saprophagous
saprophyte
saprophytic
saprozoic
sapsago
sapsucker
sapwood
saqqara
saqqarah
saquinavir
sar_ra_ce_ni_a
sar_ra_ce_ni_a_ce_ae
sar_ra_ce_ni_a_les
sar_sa_pa_ril_la
sar_se_net
sar_spar_il_la
sar_to
sar_to_ri_al
sar_to_ri_us
sar_tor
sar_tre
sar_ve_pal_li
sara
saraband
saracen
sarafem
saragossa
sarah
sarajevo
saran
sarape
sarasota
sarasvati
saratoga
saratogensis
saratov
sarawak
sarawakian
sarazen
sarcasm
sarcastic
sarcastically
sarcenet
sarcocephalus
sarcochilus
sarcocystidean
sarcocystieian
sarcocystis
sarcodes
sarcodina
sarcodine
sarcodinian
sarcoid
sarcoidosis
sarcolemma
sarcolemmal
sarcolemmic
sarcolemnous
sarcoma
sarcomere
sarcophaga
sarcophagus
sarcophilus
sarcoplasm
sarcoptes
sarcoptid
sarcoptidae
sarcorhamphus
sarcoscypha
sarcoscyphaceae
sarcosine
sarcosomal
sarcosomataceae
sarcosome
sarcosporidia
sarcosporidian
sarcostemma
sarcostyle
sard
sarda
sardegna
sardina
sardine
sardinia
sardinian
sardinops
sardis
sardius
sardonic
sardonically
sardonyx
saree
sargasso
sargassum
sargent
sari
sarin
sarmentosam
sarmienti
sarniensis
sarnoff
sarong
saronic
sarothrae
saroyan
sarp_edon
sarpanitu
sars
sas
sas_k
sash
sash_ay
sash_i_mi
sask_at_chew_an
saskatoon
sasquatch
sass
sassaby
sassafras
sassenach
sassing
sassy
sat
sat_i_va 
sat_ra_ta 
satan
satang
satanic
satanism
satanist
satanophobia
satchel
satchmo
sate
sate 
sateen
sateen 
satellite
satellite 
sati_vum 
sati_vus 
satiable
satiable 
satiate
satiate 
satiated
satiated 
satiation
satiation 
satie
satie 
satiety
satiety 
satin
satin 
satinet
satinet 
satinette
satinette 
satinleaf
satinleaf 
satinpod
satinpod 
satinwood
satinwood 
satiny
satiny 
satire
satire 
satiric
satiric 
satirical
satirical 
satirically
satirically 
satirise
satirise 
satirist
satirist 
satirize
satirize 
satis_fac_to_ry 
satis_fi_a_ble 
satis_fice 
satis_fied 
satis_fier 
satis_fise 
satis_fy 
satis_fy_ing 
satis_fy_ing_ly 
satisfac_to_ri_ly 
satisfac_to_ri_ness 
satisfaction
satisfaction 
satisfactorily
satisfactoriness
satisfactory
satisfiable
satisfice
satisfied
satisfier
satisfise
satisfy
satisfying
satisfyingly
sativa
sativum
sativus
satori
satori 
satrap
satrap 
satrata
satsuma
satsuma 
satu_ra_tion 
satu_rate 
satu_rated 
satur_day 
sature_ia 
sature_ja 
sau_ci_ly 
sau_ci_ness 
sau_cy 
sau_di 
sau_rel 
sau_rop_o_da 
sau_rop_o_do_mor_pha 
sau_rop_od 
sau_rop_te_ry_gia 
sau_ros_u_chus 
sau_ry 
sau_s_sure_a 
sau_sage 
sauce 
sauce_boat 
sauce_pan 
sauce_pot 
saucer 
saud 
sauer_bra_ten 
sauer_kraut 
sauk 
saul 
sault 
saun_a 
saun_ders 
saun_te_rer 
saun_ter 
saur_i_tus 
saur_ia 
saur_ian 
saur_isch_i_a 
saur_isch_ian 
saur_o_mal_us 
saur_u_ra_ceae 
saur_u_rus 
saus_sure 
saute 
saute_ed 
saute_ing 
sauter_nes 
sauterne 
sauvignon 
sav_a_ra 
sav_a_rin 
sav_age 
sav_age_ly 
sav_age_ness 
sav_an_na 
sav_ant 
sav_er 
savage
savagely
savageness
savagery
savan_nah 
savanna
savannah
savant
savara
savarin
save
save 
saved
saved 
saveloy
saver
savin
saving
savings
savinien
savior
saviour
savitar
savoir
savonarola
savor
savoriness
savoring
savorless
savorlessness
savory
savour
savouring
savourless
savourlessness
savoury
savoy
savoyard
savvy
saw
saw 
sawan
sawbill
sawbones
sawbuck
sawdust
sawed
sawed 
sawfish
sawfly
sawhorse
sawing
sawm
sawm 
sawmill
sawn
sawn 
sawpit
sawtoothed
sawwort
sawyer
sax
sax 
saxatile
saxatilis
saxe
saxegothea
saxhorn
saxicola
saxicoline
saxicolous
saxifraga
saxifragaceae
saxifrage
saxist
saxitoxin
saxo
saxon
saxony
saxophone
saxophonist
say
say 
say_or_nis 
sayan
sayanci
sayda
sayeret
sayers
saying
sayonara
sayyaf
sazerac
sb
sb 
sba
sbe
sbw
sc
sc 
sca_ley 
sca_ly
sca_ly 
sca_phi_o_pus
sca_pho_ceph_a_ly
sca_pho_po_da
sca_pho_pod
sca_pho_se_pal_um
sca_phoid
sca_phoid_e_um
sca_pose
sca_pu_la
sca_pu_la_ry
sca_pu_lae
sca_pu_lar
sca_pu_lar_is
sca_pu_lo_hu_mer_al
sca_rer
sca_ri_dae
sca_ry 
sca_to_pha_gy
scab
scab 
scabbard
scabby
scabicide
scabies
scabiosa
scabious
scablands
scabrosus
scabrous
scad
scad 
scads
scads 
scaffold
scaffolding
scag
scag 
scal_lop 
scal_ly_wag
scal_pel 
scal_per 
scalability
scalable
scalage
scalar
scalawag
scald
scald 
scalded
scale
scale 
scaled
scaleless
scalelike
scalene
scalenus
scaler
scales
scales 
scaley
scalic
scaliness
scaling
scallion
scallop_ine
scallop_ini
scalloped
scalp
scalp 
scalp_er
scalpel
scam
scam 
scam_mer
scam_mo_ni_a
scam_mo_ny
scam_mo_ny_root
scam_per
scam_pi
scam_po
scamp
scamp 
scan
scan 
scan_da_li_sa_tion
scan_da_li_za_tion
scan_da_lise
scan_da_lize
scan_dal
scan_dal_mon_ger_ing
scan_dal_mong_er
scan_dal_ous
scan_dal_ous_ly
scan_dal_ous_ness
scan_dens
scan_dent
scan_dent_i_a
scan_di_na_vi_a
scan_di_na_vi_an
scan_di_um
scan_ner
scan_ning
scan_sion
scan_ty
scant
scant 
scant_i_ly
scant_i_ness
scant_ling
scant_ness
scape
scape 
scape_goat
scape_grace
scar
scar 
scar_a_be_an
scar_a_be_i_dae
scar_a_be_id
scar_a_be_us
scar_a_mouch
scar_a_mouche
scar_ab
scar_ci_ty
scar_di_ni_us
scar_face
scar_i_fy
scar_i_ly
scar_i_o_la
scar_lat_i_na
scar_let
scar_per
scar_tel_la
scar_um
scarce
scarce 
scarce_ly
scarce_ness
scare
scare_crow
scare_crow_ish
scare_mon_ger
scared
scared 
scarf
scarf 
scarf_pin
scarl_a_ti_na 
scarp
scarp 
scarred
scary
scat
scat 
scat_ho_lo_gy
scat_ho_log_i_cal
scat_ter
scat_ter_brain
scat_ter_brained
scat_ter_good
scat_ter_gun
scat_ter_ing
scat_ter_shot
scat_tered
scat_ty
scath_ing
scath_ing_ly
scathe
scaup
scaup 
scaup_er
scav_en_ger
scav_enge
scd
sce_li_phron
sce_lo_glaux
sce_lo_po_rus
sce_nari_o
sce_ne_ry
sce_utel_la_ri_o_i_des
scel_er_a_tus
scen_ar_ist
scen_esh_ift_er
scen_i_cal_ly
scen_ic
scen_ti_fi_za_tion
scen_ti_fica_tion
scen_ti_fise
scen_ti_fize
scend
scene
scene 
scenes
scenes 
scet 
sch
sch_e_be_ri
sche_dule
sche_e_le 
sche_e_lite 
sche_el_ite
sche_ele
sche_ma
sche_ma 
sche_ma_ti_sa_tion 
sche_ma_ti_za_tion
sche_ma_ti_za_tion 
sche_ma_tise
sche_ma_tise 
sche_ma_tize
sche_ma_tize 
sche_mat_i_cal_ly
sche_mat_i_cal_ly 
sche_mat_i_za_tion
sche_mat_ic
sche_mat_ic 
sche_mer
sche_moz_zle
sche_moz_zle 
sche_nec_ta_dy
sche_ol
sche_ol 
sched_u_ler
sched_u_ling
sched_u_ling 
sched_uled
schef_fler_a
schef_fler_a 
scheldt
scheldt 
schem_ing
schem_ing 
scheme
scheme 
schemer 
scher_zo 
scheuch_ze_ri_a_ceae 
schi_a_pa_rel_li 
schi_nus
schick
schick 
schil_ler
schil_ler 
schil_ling 
schill_ing
schin_seng
schin_seng 
schinus 
schip_per_ke 
schipperke
schis_mat_i_cal 
schis_mat_i_cal_ly 
schis_mat_ic 
schis_to_rr_a_chis 
schis_to_so_ma
schis_to_so_ma 
schis_to_so_ma_sis
schis_to_so_ma_ti_dae
schis_to_so_ma_ti_dae 
schis_to_so_mi_a_sis 
schis_to_some
schis_to_some 
schis_tor_ra_chis
schism
schism 
schism_at_i_cal
schism_at_i_cal_ly
schism_at_ic
schist
schist 
schiz_a_chy_ri_um
schiz_a_chy_ri_um 
schiz_a_e_a
schiz_a_e_a_ce_ae
schiz_ae_a 
schiz_ae_a_ceae 
schiz_an_thus
schiz_an_thus 
schiz_o_carp
schiz_o_carp 
schiz_o_go_ny
schiz_o_my_ce_tes
schiz_o_my_ce_tes 
schiz_o_pe_ta_lon 
schiz_o_pe_tal_on
schiz_o_phrag_ma
schiz_o_phrag_ma 
schiz_o_phre_ni_a
schiz_o_phre_ni_a 
schiz_o_phren_ic
schiz_o_phren_ic 
schiz_o_phy_ce_ae
schiz_o_phy_ce_ae 
schiz_o_phy_ta 
schiz_o_phyt_a
schiz_o_po_da
schiz_o_po_da 
schiz_o_sac_cha_ro_my_ce_tac_e_ae
schiz_o_sac_cha_ro_my_ces
schiz_o_sac_char_o_my_ce_t_a_ceae 
schiz_o_sac_char_o_my_ces 
schiz_o_thy_mi_a 
schiz_o_thym_i_a
schiz_o_ty_pal
schiz_o_ty_pal 
schiz_og_o_ny 
schiz_oid
schiz_oid 
schle_gel_i
schle_gel_i 
schle_miel
schle_miel 
schlei_den
schlei_den 
schlem_m
schlem_m 
schlem_ms 
schlemms
schlep
schlep 
schlep_per
schlep_per 
schles_ien
schles_ien 
schles_in_ger 
schles_inger
schli_maz_el
schlie_mann
schlie_mann 
schlie_maz_el 
schlock
schlock scratch_pad
schlock_meis_ter
schlum_ber_ger_a
schmal_zy
schmalt_zy
schmaltz
schmalz
schmear
schmeer
schmeg_eg_ge
schmidt
schmo
schmoo_se
schmoo_zer
schmooze
schmuck
schn_eck_en
schna_bel
schnapps
schnaps
schnau_zer
schnit_tlaugh
schnitzel
schnook
schnor_chel
schnor_kel
schnor_rer
schnorr
schnoz
schnoz_zle
scho_lar_ship
schoen_berg
schoen_i_clus
schoen_o_bae_nus
schoen_o_pras_um
schol_a
schol_ar
schol_ar_is
schol_ar_ly
schol_ars
sco_pal
sco_par_i_um
sco_par_i_us
sco_par_ia
sco_po_la_mine
sco_po_li_a
sco_pthal_mus
sco_pu_li_num
sco_pu_lo_rum
sco_ri_a
sco_ro_do_ni_a
sco_ro_do_pra_sum
sco_rpae_na
sco_rpae_ni_dae
sco_rpae_nid
sco_rpae_noi_dea
sco_rpae_noid
sco_rper
sco_rpi_on_i_da
sco_rpi_on_weed
sco_rpio
sco_rpio_i_des
sco_rpioid
sco_rpius
sco_rzo_ne_ra
sco_t_se_se
sco_ter
sco_ti_a
sco_ti_an
sco_ti_cus
sco_to_ma
sco_to_ma_tous
sco_top_ic
sco_u_ler_i
sco_u_ser
sco_urer
sco_use
sco_ut_er
scombrus
scon_cheon
sconce
scone
scoo_ter
scoop
scoop_ful
scoot
scope
scopes
scops
scor_bu_tic
scor_bu_tus
scor_er
scor_ing
scor_pi_on
scor_pi_on_fish
scorch
scorched
scorcher
scorching
score
score_board
score_card
score_keep_er
score_less
scores
scorn
scorn_ful
scorn_ful_ly
scorned
scorner
scot
scot_land
scot_tie
scot_tish
scot_us
scotch
scotch_man
scotch_wom_an
scots
scots_man
scots_wom_an
scott
scoun_drel
scoun_drel_ly
scour
scour_ger
scour_ing
scoured
scourge
scours
scout
scout_ing
scout_mas_ter
scouts
scow
scowl
scowl_ing
scpo
scra_per
scrab_ble
scrab_bly
scrag
scrag_gly
scrag_gy
scram
scram_ble
scram_bled
scram_bler
scram_bling
scran_ton
scranch
scrap
scrap_book
scrap_heap
scrap_ie
scrap_ing
scrap_per
scrap_pi_ly
scrap_pi_ness
scrap_ple
scrap_py
scrape
scraps
scrat_cher
scratch
scratch_i_ness
scratch_ing
scratch_pad
scratch_y
scraunch
scraw_ni_ness
scraw_ny
scrawl
scrawl_er
screak
screak_i_ly
screak_y
scream
scream_er
scream_ing
scream_ing_ly
scree
screech
screech_er
screech_ing
screech_y
screed
screen
screen_er
screen_ing
screen_land
screen_play
screen_writ_er
screw
screw_bal_ler
screw_ball
screw_bean
screw_driv_er
screw_ing
screw_top
screw_up
screw_y
scri_a_bin
scri_b_er
scri_b_ing
scrib_ble
scrib_bler
scrib_bling
scribe
scrim
scrim_mage
scrim_shank
scrim_shank_er
scrim_shaw
scrim_y
scrimp
scrimp_y
scrip
scrip_ps
scrip_t_wri_ter
scrip_ta
scrip_ted
scrip_to_ri_um
scrip_tu_ral
scrip_ture
scrip_tus
script
scriv_e_ner
scriv_en_ed
scro_fa
scro_fu_la
scro_fu_lous
scro_phu_la_ri_a
scro_phu_la_ri_a_ce_ae
scro_phu_la_ri_ae
scro_phu_la_ri_al_es
scro_ta_lis
scro_tal
scro_ti
scro_tum
scrod
scroll
scrolls
scroo_ge
scroung_er
scrounge
scru_pu_lous
scru_pu_lous_ly
scru_pu_lous_ness
scru_ta_tor
scru_ti_neer
scru_ti_ni_ser
scru_ti_ni_zer
scru_ti_nise
scru_ti_nize
scru_ti_ny
scru_tin
scrub
scrub_ber
scrub_bi_ness
scrub_bing
scrub_bird
scrub_by
scrub_land
scrubbed
scrubs
scruff
scruff_y
scrum
scrum_mage
scrump_tious
scrump_tious_ly
scrump_y
scrun_ch
scrup_le
scrup_les
scry
scs_i
scu_ba
scu_tel_la_ta
scu_tel_la_tus
scu_tel_lar_i_a
scu_tel_lar_i_a_ce_ae
scu_tel_lar_i_al_es
scu_ti_ge_ra
scu_ti_ger_el_la
scu_ti_ger_i_dae
scu_tu_la_tus
scud
scud_ding
scuf_fer
scuf_fle
scuff
scul_ler_y
scul_ling
scul_lion
scul_pin
scull
scull_er
sculp_tu_ral
sculp_tur_er
sculp_ture
sculpt
sculpt_ed
sculpt_or
sculpt_ress
sculpt_ured
sculpt_uresque
scum
scum_ble
scum_my
scun_ner
scup
scup_per
scup_per_nong
scur_ri_lous
scur_ri_lous_ly
scur_ril_i_ty
scur_ry
scur_ry_ing
scur_vi_ly
scur_vil_ly
scur_vy
scurf
scurf_y
scut
scut_a_tus
scut_tle
scut_tle_butt
scutch
scutch_eon
scute
scy_thi_a
scy_thi_an
scyl_io_r_hi_nid_ae
scyl_la
scyp_ho_zoa
scyp_ho_zoan
scyp_hus
scythe
se_ba_ceae
se_bac_ic
se_bace_ous
se_bae
se_bas_ti_a_na
se_bas_ti_an
se_bas_to_des
se_bas_to_pol
se_be
se_bor_rhe_a
se_bor_rhe_ic
se_bum
se_cae
se_cal_i_nus
se_cant
se_cede
se_cer_nate
se_cern
se_ces_sion
se_ces_sion_ism
se_ces_sion_ist
se_chua_na
se_clu_sion
se_clud_ed
se_clude
se_co_nal
se_cpar
se_cre_cy
se_cre_ta_ri_at
se_cre_ta_ri_ate
se_cre_ta_ry
se_cre_ta_ry_ship
se_cre_taire
se_cre_tar_i_al
se_cre_tase
se_cre_ter
se_cre_tin
se_cre_tive
se_cre_tive_ly
se_cre_tive_ness
se_cres_tion
se_cret
se_cret_ly
se_cret_o_ry
se_cret_or
se_crete
se_cu_lar
se_cu_lar_i_sa_tion
se_cu_lar_i_za_tion
se_cu_lar_ise
se_cu_lar_ism
se_cu_lar_ist
se_cu_lar_ize
se_cun_da_tum
se_cun_di_flo_ra
se_cun_di_flo_rum
se_cun_di_flo_rus
se_cun_di_grav_i_da
se_dna
se_du_li_ty
se_duc_tion
se_duc_tive
se_duc_tive_ly
se_duc_tress
se_duce
se_dul_ous
se_dul_ous_ly
se_dul_ous_ness
se_dum
se_e_able
se_e_dy
se_mi_ot_i_cal
se_mi_ot_i_cian
se_mi_ot_ic
se_mi_ot_ics
se_mi_rig_id
se_mi_san_guin_e_us
se_mi_ter_res_tri_al
se_mi_to_sta
se_mi_tone
se_mit_ic
se_mit_ism
se_mite
se_mn_op_i_the_cus
se_ne
se_ne_ca
se_ne_can
se_ne_ci_o
se_ne_fe_lder
se_ne_ga
se_ne_ka
se_ne_schal
se_nes_cence
se_nes_cent
se_nesce
se_nil_is
se_nile
se_nili_ty
se_nior
se_nior_i_ty
se_nit_i
se_no_ra
se_no_ri_ta
se_nor
se_oul
se_pa_line
se_pa_loid
se_pa_ra_bil_i_ty
se_pa_ra_ble
se_pa_ra_bly
se_pa_ra_tion
se_pa_ra_tion_ism
se_pa_ra_tion_ist
se_pa_ra_tism
se_pa_ra_tist
se_pa_ra_tive
se_pa_ra_tor
se_pa_ra_trix
se_pa_rat_ed
se_pa_rate
se_pa_rate_ly
se_pa_rate_ness
se_pal
se_phar_di
se_phar_dic
se_pi_a
se_pi_a_ri_a
se_pi_i_dae
se_pi_o_lite
se_pi_um
se_poy
se_qu_ela
se_que_na_tor
se_quel
se_quel_la
se_quen_tial
se_quen_tial_ly
se_quenc_er
se_quence
se_quent
se_ques_ter
se_ques_tered
se_ques_tra_tion
se_ques_trate
se_qui_tur
se_quin
se_quine
se_quined
se_quo_ya
se_quo_yah
se_quoi_a
se_quoi_a_den_dron
se_ra_phi_cal
se_ra_phic
se_rag_lio
se_rail
se_rape
se_raph
se_rax
se_re
se_re_nade
se_re_no_a
se_ren_di_pi_tous
se_ren_di_pi_ty
se_ren_ge_ti
se_ren_i_ty
se_rene
se_rene_ly
se_rene_ness
se_rer
se_ret_se
se_ri_a_tim
se_ri_al
se_ri_al_i_sa_tion
se_ri_al_i_za_tion
se_ri_al_ise
se_ri_al_ism
se_ri_al_ize
se_ri_al_ly
se_ri_graph
se_ri_graphic
se_ri_nus
se_ri_o_co_me_dy
se_ri_o_com_i_cal
se_ri_o_com_ic
se_ri_o_la
se_ri_ous
se_ri_ous_ly
se_ri_ous_ness
se_ri_phi_di_um
se_ries
se_rif
se_rin
se_rine
se_rip_hus
se_riph
se_ro_lo
se_ro_log_i_cal
se_ro_log_ic
se_ro_sa
se_ro_ti_na
se_ro_ti_ne
se_ro_ti_num
se_ro_ti_nus
se_ro_to_nin
se_rol_o_gist
se_rol_o_gy
se_rous
se_row
se_rum
se_ver
se_ver_a_ble
sea
sea_bag
sea_bass
sea_beach
sea_bed
sea_bird
sea_board
sea_bor_gi_um
sea_borg
sea_borne
sea_coast
sea_far_er
sea_far_ing
sea_food
sea_fowl
sea_front
sea_girt
sea_go_ing
sea_grass
sea_gull
sea_horse
sea_l_skin
sea_lant
sea_ler
sea_ling
sea_ly_ham
sea_m_ster
sea_man
sea_man_like
sea_man_ly
sea_man_ship
sea_mless
sea_mount
sea_mstress
sea_mus
sea_my
sea_nad
sea_nce
sea_perch
sea_plane
sea_port
sea_quake
sea_rch_ing
sea_rch_ing_ly
sea_rch_light
sea_rcher
sea_ring
sea_ro_bin
sea_scape
sea_shell
sea_shore
sea_sick
sea_sick_ness
sea_side
sea_snail
sea_son
sea_son_a_ble
sea_son_a_ble_ness
sea_son_a_bly
sea_son_al
sea_son_al_ly
sea_son_er
sea_son_ing
sea_soned
sea_ttle
sea_wa_ter
sea_wall
sea_ward
sea_wards
sea_way
sea_weed
sea_wor_thi_ness
sea_wor_thy
seal
seale_d
seam
seame_d
sean
sear
search
sear_ed
sears
seas
seat
seats
seaw_tooth
seb
sebs
sec